{"timestamp":"2026-05-06T09:26:28.864018Z","level":"info","event":"Filling up the DagBag from /opt/airflow/dags/loan_pipeline.py","logger":"airflow.dag_processing.dagbag.BundleDagBag","filename":"dagbag.py","lineno":469}
{"timestamp":"2026-05-06T09:27:02.524450Z","level":"info","event":"Filling up the DagBag from /opt/airflow/dags/loan_pipeline.py","logger":"airflow.dag_processing.dagbag.BundleDagBag","filename":"dagbag.py","lineno":469}
{"timestamp":"2026-05-06T09:27:33.970113Z","level":"info","event":"Filling up the DagBag from /opt/airflow/dags/loan_pipeline.py","logger":"airflow.dag_processing.dagbag.BundleDagBag","filename":"dagbag.py","lineno":469}
{"timestamp":"2026-05-06T09:28:05.716099Z","level":"info","event":"Filling up the DagBag from /opt/airflow/dags/loan_pipeline.py","logger":"airflow.dag_processing.dagbag.BundleDagBag","filename":"dagbag.py","lineno":469}
{"timestamp":"2026-05-06T09:28:38.538756Z","level":"info","event":"Filling up the DagBag from /opt/airflow/dags/loan_pipeline.py","logger":"airflow.dag_processing.dagbag.BundleDagBag","filename":"dagbag.py","lineno":469}
{"timestamp":"2026-05-06T09:29:10.609773Z","level":"info","event":"Filling up the DagBag from /opt/airflow/dags/loan_pipeline.py","logger":"airflow.dag_processing.dagbag.BundleDagBag","filename":"dagbag.py","lineno":469}
{"timestamp":"2026-05-06T09:29:42.769390Z","level":"info","event":"Filling up the DagBag from /opt/airflow/dags/loan_pipeline.py","logger":"airflow.dag_processing.dagbag.BundleDagBag","filename":"dagbag.py","lineno":469}
{"timestamp":"2026-05-06T09:30:15.532555Z","level":"info","event":"Filling up the DagBag from /opt/airflow/dags/loan_pipeline.py","logger":"airflow.dag_processing.dagbag.BundleDagBag","filename":"dagbag.py","lineno":469}
{"timestamp":"2026-05-06T09:30:47.040342Z","level":"info","event":"Filling up the DagBag from /opt/airflow/dags/loan_pipeline.py","logger":"airflow.dag_processing.dagbag.BundleDagBag","filename":"dagbag.py","lineno":469}
{"timestamp":"2026-05-06T09:31:18.929154Z","level":"info","event":"Filling up the DagBag from /opt/airflow/dags/loan_pipeline.py","logger":"airflow.dag_processing.dagbag.BundleDagBag","filename":"dagbag.py","lineno":469}
{"timestamp":"2026-05-06T09:31:51.615357Z","level":"info","event":"Filling up the DagBag from /opt/airflow/dags/loan_pipeline.py","logger":"airflow.dag_processing.dagbag.BundleDagBag","filename":"dagbag.py","lineno":469}
{"timestamp":"2026-05-06T09:32:23.562505Z","level":"info","event":"Filling up the DagBag from /opt/airflow/dags/loan_pipeline.py","logger":"airflow.dag_processing.dagbag.BundleDagBag","filename":"dagbag.py","lineno":469}
{"timestamp":"2026-05-06T09:32:55.580450Z","level":"info","event":"Filling up the DagBag from /opt/airflow/dags/loan_pipeline.py","logger":"airflow.dag_processing.dagbag.BundleDagBag","filename":"dagbag.py","lineno":469}
{"timestamp":"2026-05-06T09:33:28.103571Z","level":"info","event":"Filling up the DagBag from /opt/airflow/dags/loan_pipeline.py","logger":"airflow.dag_processing.dagbag.BundleDagBag","filename":"dagbag.py","lineno":469}
{"timestamp":"2026-05-06T09:33:59.628838Z","level":"info","event":"Filling up the DagBag from /opt/airflow/dags/loan_pipeline.py","logger":"airflow.dag_processing.dagbag.BundleDagBag","filename":"dagbag.py","lineno":469}
{"timestamp":"2026-05-06T09:34:30.805766Z","level":"info","event":"Filling up the DagBag from /opt/airflow/dags/loan_pipeline.py","logger":"airflow.dag_processing.dagbag.BundleDagBag","filename":"dagbag.py","lineno":469}
{"timestamp":"2026-05-06T09:35:02.170642Z","level":"info","event":"Filling up the DagBag from /opt/airflow/dags/loan_pipeline.py","logger":"airflow.dag_processing.dagbag.BundleDagBag","filename":"dagbag.py","lineno":469}
{"timestamp":"2026-05-06T09:35:33.980360Z","level":"info","event":"Filling up the DagBag from /opt/airflow/dags/loan_pipeline.py","logger":"airflow.dag_processing.dagbag.BundleDagBag","filename":"dagbag.py","lineno":469}
{"timestamp":"2026-05-06T09:36:06.346899Z","level":"info","event":"Filling up the DagBag from /opt/airflow/dags/loan_pipeline.py","logger":"airflow.dag_processing.dagbag.BundleDagBag","filename":"dagbag.py","lineno":469}
{"timestamp":"2026-05-06T09:36:38.030386Z","level":"info","event":"Filling up the DagBag from /opt/airflow/dags/loan_pipeline.py","logger":"airflow.dag_processing.dagbag.BundleDagBag","filename":"dagbag.py","lineno":469}
{"timestamp":"2026-05-06T09:37:09.471977Z","level":"info","event":"Filling up the DagBag from /opt/airflow/dags/loan_pipeline.py","logger":"airflow.dag_processing.dagbag.BundleDagBag","filename":"dagbag.py","lineno":469}
{"timestamp":"2026-05-06T09:37:41.025470Z","level":"info","event":"Filling up the DagBag from /opt/airflow/dags/loan_pipeline.py","logger":"airflow.dag_processing.dagbag.BundleDagBag","filename":"dagbag.py","lineno":469}
{"timestamp":"2026-05-06T09:38:12.723123Z","level":"info","event":"Filling up the DagBag from /opt/airflow/dags/loan_pipeline.py","logger":"airflow.dag_processing.dagbag.BundleDagBag","filename":"dagbag.py","lineno":469}
{"timestamp":"2026-05-06T09:38:44.297918Z","level":"info","event":"Filling up the DagBag from /opt/airflow/dags/loan_pipeline.py","logger":"airflow.dag_processing.dagbag.BundleDagBag","filename":"dagbag.py","lineno":469}
{"timestamp":"2026-05-06T09:39:16.196559Z","level":"info","event":"Filling up the DagBag from /opt/airflow/dags/loan_pipeline.py","logger":"airflow.dag_processing.dagbag.BundleDagBag","filename":"dagbag.py","lineno":469}
{"timestamp":"2026-05-06T09:39:47.689275Z","level":"info","event":"Filling up the DagBag from /opt/airflow/dags/loan_pipeline.py","logger":"airflow.dag_processing.dagbag.BundleDagBag","filename":"dagbag.py","lineno":469}
{"timestamp":"2026-05-06T09:40:19.494165Z","level":"info","event":"Filling up the DagBag from /opt/airflow/dags/loan_pipeline.py","logger":"airflow.dag_processing.dagbag.BundleDagBag","filename":"dagbag.py","lineno":469}
{"timestamp":"2026-05-06T09:40:51.596470Z","level":"info","event":"Filling up the DagBag from /opt/airflow/dags/loan_pipeline.py","logger":"airflow.dag_processing.dagbag.BundleDagBag","filename":"dagbag.py","lineno":469}
{"timestamp":"2026-05-06T09:41:23.138842Z","level":"info","event":"Filling up the DagBag from /opt/airflow/dags/loan_pipeline.py","logger":"airflow.dag_processing.dagbag.BundleDagBag","filename":"dagbag.py","lineno":469}
{"timestamp":"2026-05-06T09:41:54.671221Z","level":"info","event":"Filling up the DagBag from /opt/airflow/dags/loan_pipeline.py","logger":"airflow.dag_processing.dagbag.BundleDagBag","filename":"dagbag.py","lineno":469}
{"timestamp":"2026-05-06T09:42:26.194896Z","level":"info","event":"Filling up the DagBag from /opt/airflow/dags/loan_pipeline.py","logger":"airflow.dag_processing.dagbag.BundleDagBag","filename":"dagbag.py","lineno":469}
{"timestamp":"2026-05-06T09:42:58.043740Z","level":"info","event":"Filling up the DagBag from /opt/airflow/dags/loan_pipeline.py","logger":"airflow.dag_processing.dagbag.BundleDagBag","filename":"dagbag.py","lineno":469}
{"timestamp":"2026-05-06T09:43:29.527273Z","level":"info","event":"Filling up the DagBag from /opt/airflow/dags/loan_pipeline.py","logger":"airflow.dag_processing.dagbag.BundleDagBag","filename":"dagbag.py","lineno":469}
{"timestamp":"2026-05-06T09:44:01.811726Z","level":"info","event":"Filling up the DagBag from /opt/airflow/dags/loan_pipeline.py","logger":"airflow.dag_processing.dagbag.BundleDagBag","filename":"dagbag.py","lineno":469}
{"timestamp":"2026-05-06T09:44:34.068825Z","level":"info","event":"Filling up the DagBag from /opt/airflow/dags/loan_pipeline.py","logger":"airflow.dag_processing.dagbag.BundleDagBag","filename":"dagbag.py","lineno":469}
{"timestamp":"2026-05-06T09:45:05.760966Z","level":"info","event":"Filling up the DagBag from /opt/airflow/dags/loan_pipeline.py","logger":"airflow.dag_processing.dagbag.BundleDagBag","filename":"dagbag.py","lineno":469}
{"timestamp":"2026-05-06T09:45:36.720702Z","level":"info","event":"Filling up the DagBag from /opt/airflow/dags/loan_pipeline.py","logger":"airflow.dag_processing.dagbag.BundleDagBag","filename":"dagbag.py","lineno":469}
{"timestamp":"2026-05-06T09:46:08.436536Z","level":"info","event":"Filling up the DagBag from /opt/airflow/dags/loan_pipeline.py","logger":"airflow.dag_processing.dagbag.BundleDagBag","filename":"dagbag.py","lineno":469}
{"timestamp":"2026-05-06T09:46:40.412382Z","level":"info","event":"Filling up the DagBag from /opt/airflow/dags/loan_pipeline.py","logger":"airflow.dag_processing.dagbag.BundleDagBag","filename":"dagbag.py","lineno":469}
{"timestamp":"2026-05-06T09:47:15.862249Z","level":"info","event":"Filling up the DagBag from /opt/airflow/dags/loan_pipeline.py","logger":"airflow.dag_processing.dagbag.BundleDagBag","filename":"dagbag.py","lineno":469}
{"timestamp":"2026-05-06T09:47:47.761948Z","level":"info","event":"Filling up the DagBag from /opt/airflow/dags/loan_pipeline.py","logger":"airflow.dag_processing.dagbag.BundleDagBag","filename":"dagbag.py","lineno":469}
{"timestamp":"2026-05-06T09:48:19.204127Z","level":"info","event":"Filling up the DagBag from /opt/airflow/dags/loan_pipeline.py","logger":"airflow.dag_processing.dagbag.BundleDagBag","filename":"dagbag.py","lineno":469}
{"timestamp":"2026-05-06T09:48:50.717289Z","level":"info","event":"Filling up the DagBag from /opt/airflow/dags/loan_pipeline.py","logger":"airflow.dag_processing.dagbag.BundleDagBag","filename":"dagbag.py","lineno":469}
{"timestamp":"2026-05-06T09:49:22.378672Z","level":"info","event":"Filling up the DagBag from /opt/airflow/dags/loan_pipeline.py","logger":"airflow.dag_processing.dagbag.BundleDagBag","filename":"dagbag.py","lineno":469}
{"timestamp":"2026-05-06T09:49:53.936490Z","level":"info","event":"Filling up the DagBag from /opt/airflow/dags/loan_pipeline.py","logger":"airflow.dag_processing.dagbag.BundleDagBag","filename":"dagbag.py","lineno":469}
{"timestamp":"2026-05-06T09:50:26.209225Z","level":"info","event":"Filling up the DagBag from /opt/airflow/dags/loan_pipeline.py","logger":"airflow.dag_processing.dagbag.BundleDagBag","filename":"dagbag.py","lineno":469}
{"timestamp":"2026-05-06T09:50:58.819150Z","level":"info","event":"Filling up the DagBag from /opt/airflow/dags/loan_pipeline.py","logger":"airflow.dag_processing.dagbag.BundleDagBag","filename":"dagbag.py","lineno":469}
{"timestamp":"2026-05-06T09:51:30.478346Z","level":"info","event":"Filling up the DagBag from /opt/airflow/dags/loan_pipeline.py","logger":"airflow.dag_processing.dagbag.BundleDagBag","filename":"dagbag.py","lineno":469}
{"timestamp":"2026-05-06T09:52:02.380586Z","level":"info","event":"Filling up the DagBag from /opt/airflow/dags/loan_pipeline.py","logger":"airflow.dag_processing.dagbag.BundleDagBag","filename":"dagbag.py","lineno":469}
{"timestamp":"2026-05-06T09:52:33.867387Z","level":"info","event":"Filling up the DagBag from /opt/airflow/dags/loan_pipeline.py","logger":"airflow.dag_processing.dagbag.BundleDagBag","filename":"dagbag.py","lineno":469}
{"timestamp":"2026-05-06T09:53:06.516244Z","level":"info","event":"Filling up the DagBag from /opt/airflow/dags/loan_pipeline.py","logger":"airflow.dag_processing.dagbag.BundleDagBag","filename":"dagbag.py","lineno":469}
{"timestamp":"2026-05-06T09:53:38.268860Z","level":"info","event":"Filling up the DagBag from /opt/airflow/dags/loan_pipeline.py","logger":"airflow.dag_processing.dagbag.BundleDagBag","filename":"dagbag.py","lineno":469}
{"timestamp":"2026-05-06T09:54:10.310900Z","level":"info","event":"Filling up the DagBag from /opt/airflow/dags/loan_pipeline.py","logger":"airflow.dag_processing.dagbag.BundleDagBag","filename":"dagbag.py","lineno":469}
{"timestamp":"2026-05-06T09:54:42.661575Z","level":"info","event":"Filling up the DagBag from /opt/airflow/dags/loan_pipeline.py","logger":"airflow.dag_processing.dagbag.BundleDagBag","filename":"dagbag.py","lineno":469}
{"timestamp":"2026-05-06T09:55:14.856403Z","level":"info","event":"Filling up the DagBag from /opt/airflow/dags/loan_pipeline.py","logger":"airflow.dag_processing.dagbag.BundleDagBag","filename":"dagbag.py","lineno":469}
{"timestamp":"2026-05-06T09:55:46.698574Z","level":"info","event":"Filling up the DagBag from /opt/airflow/dags/loan_pipeline.py","logger":"airflow.dag_processing.dagbag.BundleDagBag","filename":"dagbag.py","lineno":469}
{"timestamp":"2026-05-06T09:56:18.143214Z","level":"info","event":"Filling up the DagBag from /opt/airflow/dags/loan_pipeline.py","logger":"airflow.dag_processing.dagbag.BundleDagBag","filename":"dagbag.py","lineno":469}
{"timestamp":"2026-05-06T09:56:49.905362Z","level":"info","event":"Filling up the DagBag from /opt/airflow/dags/loan_pipeline.py","logger":"airflow.dag_processing.dagbag.BundleDagBag","filename":"dagbag.py","lineno":469}
{"timestamp":"2026-05-06T09:57:21.845474Z","level":"info","event":"Filling up the DagBag from /opt/airflow/dags/loan_pipeline.py","logger":"airflow.dag_processing.dagbag.BundleDagBag","filename":"dagbag.py","lineno":469}
{"timestamp":"2026-05-06T09:57:54.596415Z","level":"info","event":"Filling up the DagBag from /opt/airflow/dags/loan_pipeline.py","logger":"airflow.dag_processing.dagbag.BundleDagBag","filename":"dagbag.py","lineno":469}
{"timestamp":"2026-05-06T09:58:27.712853Z","level":"info","event":"Filling up the DagBag from /opt/airflow/dags/loan_pipeline.py","logger":"airflow.dag_processing.dagbag.BundleDagBag","filename":"dagbag.py","lineno":469}
{"timestamp":"2026-05-06T09:58:59.655692Z","level":"info","event":"Filling up the DagBag from /opt/airflow/dags/loan_pipeline.py","logger":"airflow.dag_processing.dagbag.BundleDagBag","filename":"dagbag.py","lineno":469}
{"timestamp":"2026-05-06T09:59:32.521609Z","level":"info","event":"Filling up the DagBag from /opt/airflow/dags/loan_pipeline.py","logger":"airflow.dag_processing.dagbag.BundleDagBag","filename":"dagbag.py","lineno":469}
{"timestamp":"2026-05-06T10:00:05.677130Z","level":"info","event":"Filling up the DagBag from /opt/airflow/dags/loan_pipeline.py","logger":"airflow.dag_processing.dagbag.BundleDagBag","filename":"dagbag.py","lineno":469}
{"timestamp":"2026-05-06T10:00:38.262994Z","level":"info","event":"Filling up the DagBag from /opt/airflow/dags/loan_pipeline.py","logger":"airflow.dag_processing.dagbag.BundleDagBag","filename":"dagbag.py","lineno":469}
{"timestamp":"2026-05-06T10:01:11.925302Z","level":"info","event":"Filling up the DagBag from /opt/airflow/dags/loan_pipeline.py","logger":"airflow.dag_processing.dagbag.BundleDagBag","filename":"dagbag.py","lineno":469}
{"timestamp":"2026-05-06T10:01:45.073289Z","level":"info","event":"Filling up the DagBag from /opt/airflow/dags/loan_pipeline.py","logger":"airflow.dag_processing.dagbag.BundleDagBag","filename":"dagbag.py","lineno":469}
{"timestamp":"2026-05-06T10:02:16.374001Z","level":"info","event":"Filling up the DagBag from /opt/airflow/dags/loan_pipeline.py","logger":"airflow.dag_processing.dagbag.BundleDagBag","filename":"dagbag.py","lineno":469}
{"timestamp":"2026-05-06T10:02:47.864917Z","level":"info","event":"Filling up the DagBag from /opt/airflow/dags/loan_pipeline.py","logger":"airflow.dag_processing.dagbag.BundleDagBag","filename":"dagbag.py","lineno":469}
{"timestamp":"2026-05-06T10:03:19.688839Z","level":"info","event":"Filling up the DagBag from /opt/airflow/dags/loan_pipeline.py","logger":"airflow.dag_processing.dagbag.BundleDagBag","filename":"dagbag.py","lineno":469}
{"timestamp":"2026-05-06T10:03:51.028185Z","level":"info","event":"Filling up the DagBag from /opt/airflow/dags/loan_pipeline.py","logger":"airflow.dag_processing.dagbag.BundleDagBag","filename":"dagbag.py","lineno":469}
{"timestamp":"2026-05-06T10:04:22.992249Z","level":"info","event":"Filling up the DagBag from /opt/airflow/dags/loan_pipeline.py","logger":"airflow.dag_processing.dagbag.BundleDagBag","filename":"dagbag.py","lineno":469}
{"timestamp":"2026-05-06T10:04:54.300239Z","level":"info","event":"Filling up the DagBag from /opt/airflow/dags/loan_pipeline.py","logger":"airflow.dag_processing.dagbag.BundleDagBag","filename":"dagbag.py","lineno":469}
{"timestamp":"2026-05-06T10:05:25.847054Z","level":"info","event":"Filling up the DagBag from /opt/airflow/dags/loan_pipeline.py","logger":"airflow.dag_processing.dagbag.BundleDagBag","filename":"dagbag.py","lineno":469}
{"timestamp":"2026-05-06T10:05:58.138322Z","level":"info","event":"Filling up the DagBag from /opt/airflow/dags/loan_pipeline.py","logger":"airflow.dag_processing.dagbag.BundleDagBag","filename":"dagbag.py","lineno":469}
{"timestamp":"2026-05-06T10:06:29.960875Z","level":"info","event":"Filling up the DagBag from /opt/airflow/dags/loan_pipeline.py","logger":"airflow.dag_processing.dagbag.BundleDagBag","filename":"dagbag.py","lineno":469}
{"timestamp":"2026-05-06T10:07:01.360434Z","level":"info","event":"Filling up the DagBag from /opt/airflow/dags/loan_pipeline.py","logger":"airflow.dag_processing.dagbag.BundleDagBag","filename":"dagbag.py","lineno":469}
{"timestamp":"2026-05-06T10:07:33.191644Z","level":"info","event":"Filling up the DagBag from /opt/airflow/dags/loan_pipeline.py","logger":"airflow.dag_processing.dagbag.BundleDagBag","filename":"dagbag.py","lineno":469}
{"timestamp":"2026-05-06T10:08:04.785646Z","level":"info","event":"Filling up the DagBag from /opt/airflow/dags/loan_pipeline.py","logger":"airflow.dag_processing.dagbag.BundleDagBag","filename":"dagbag.py","lineno":469}
{"timestamp":"2026-05-06T10:08:37.501800Z","level":"info","event":"Filling up the DagBag from /opt/airflow/dags/loan_pipeline.py","logger":"airflow.dag_processing.dagbag.BundleDagBag","filename":"dagbag.py","lineno":469}
{"timestamp":"2026-05-06T10:09:08.971991Z","level":"info","event":"Filling up the DagBag from /opt/airflow/dags/loan_pipeline.py","logger":"airflow.dag_processing.dagbag.BundleDagBag","filename":"dagbag.py","lineno":469}
{"timestamp":"2026-05-06T10:09:40.630425Z","level":"info","event":"Filling up the DagBag from /opt/airflow/dags/loan_pipeline.py","logger":"airflow.dag_processing.dagbag.BundleDagBag","filename":"dagbag.py","lineno":469}
{"timestamp":"2026-05-06T10:10:13.955598Z","level":"info","event":"Filling up the DagBag from /opt/airflow/dags/loan_pipeline.py","logger":"airflow.dag_processing.dagbag.BundleDagBag","filename":"dagbag.py","lineno":469}
{"timestamp":"2026-05-06T10:10:45.362696Z","level":"info","event":"Filling up the DagBag from /opt/airflow/dags/loan_pipeline.py","logger":"airflow.dag_processing.dagbag.BundleDagBag","filename":"dagbag.py","lineno":469}
{"timestamp":"2026-05-06T10:11:16.692725Z","level":"info","event":"Filling up the DagBag from /opt/airflow/dags/loan_pipeline.py","logger":"airflow.dag_processing.dagbag.BundleDagBag","filename":"dagbag.py","lineno":469}
{"timestamp":"2026-05-06T10:11:48.255689Z","level":"info","event":"Filling up the DagBag from /opt/airflow/dags/loan_pipeline.py","logger":"airflow.dag_processing.dagbag.BundleDagBag","filename":"dagbag.py","lineno":469}
{"timestamp":"2026-05-06T10:12:20.087848Z","level":"info","event":"Filling up the DagBag from /opt/airflow/dags/loan_pipeline.py","logger":"airflow.dag_processing.dagbag.BundleDagBag","filename":"dagbag.py","lineno":469}
{"timestamp":"2026-05-06T10:12:51.534715Z","level":"info","event":"Filling up the DagBag from /opt/airflow/dags/loan_pipeline.py","logger":"airflow.dag_processing.dagbag.BundleDagBag","filename":"dagbag.py","lineno":469}
{"timestamp":"2026-05-06T10:13:23.876309Z","level":"info","event":"Filling up the DagBag from /opt/airflow/dags/loan_pipeline.py","logger":"airflow.dag_processing.dagbag.BundleDagBag","filename":"dagbag.py","lineno":469}
{"timestamp":"2026-05-06T10:13:56.908508Z","level":"info","event":"Filling up the DagBag from /opt/airflow/dags/loan_pipeline.py","logger":"airflow.dag_processing.dagbag.BundleDagBag","filename":"dagbag.py","lineno":469}
{"timestamp":"2026-05-06T10:14:27.968445Z","level":"info","event":"Filling up the DagBag from /opt/airflow/dags/loan_pipeline.py","logger":"airflow.dag_processing.dagbag.BundleDagBag","filename":"dagbag.py","lineno":469}
{"timestamp":"2026-05-06T10:14:58.864819Z","level":"info","event":"Filling up the DagBag from /opt/airflow/dags/loan_pipeline.py","logger":"airflow.dag_processing.dagbag.BundleDagBag","filename":"dagbag.py","lineno":469}
{"timestamp":"2026-05-06T10:15:31.400363Z","level":"info","event":"Filling up the DagBag from /opt/airflow/dags/loan_pipeline.py","logger":"airflow.dag_processing.dagbag.BundleDagBag","filename":"dagbag.py","lineno":469}
{"timestamp":"2026-05-06T10:16:05.014734Z","level":"info","event":"Filling up the DagBag from /opt/airflow/dags/loan_pipeline.py","logger":"airflow.dag_processing.dagbag.BundleDagBag","filename":"dagbag.py","lineno":469}
{"timestamp":"2026-05-06T10:16:36.358483Z","level":"info","event":"Filling up the DagBag from /opt/airflow/dags/loan_pipeline.py","logger":"airflow.dag_processing.dagbag.BundleDagBag","filename":"dagbag.py","lineno":469}
{"timestamp":"2026-05-06T10:17:07.968429Z","level":"info","event":"Filling up the DagBag from /opt/airflow/dags/loan_pipeline.py","logger":"airflow.dag_processing.dagbag.BundleDagBag","filename":"dagbag.py","lineno":469}
{"timestamp":"2026-05-06T10:17:39.446732Z","level":"info","event":"Filling up the DagBag from /opt/airflow/dags/loan_pipeline.py","logger":"airflow.dag_processing.dagbag.BundleDagBag","filename":"dagbag.py","lineno":469}
{"timestamp":"2026-05-06T10:18:11.233232Z","level":"info","event":"Filling up the DagBag from /opt/airflow/dags/loan_pipeline.py","logger":"airflow.dag_processing.dagbag.BundleDagBag","filename":"dagbag.py","lineno":469}
{"timestamp":"2026-05-06T10:18:45.356273Z","level":"info","event":"Filling up the DagBag from /opt/airflow/dags/loan_pipeline.py","logger":"airflow.dag_processing.dagbag.BundleDagBag","filename":"dagbag.py","lineno":469}
{"timestamp":"2026-05-06T10:19:17.012114Z","level":"info","event":"Filling up the DagBag from /opt/airflow/dags/loan_pipeline.py","logger":"airflow.dag_processing.dagbag.BundleDagBag","filename":"dagbag.py","lineno":469}
{"timestamp":"2026-05-06T10:19:48.443457Z","level":"info","event":"Filling up the DagBag from /opt/airflow/dags/loan_pipeline.py","logger":"airflow.dag_processing.dagbag.BundleDagBag","filename":"dagbag.py","lineno":469}
{"timestamp":"2026-05-06T10:20:20.981559Z","level":"info","event":"Filling up the DagBag from /opt/airflow/dags/loan_pipeline.py","logger":"airflow.dag_processing.dagbag.BundleDagBag","filename":"dagbag.py","lineno":469}
{"timestamp":"2026-05-06T10:20:52.464494Z","level":"info","event":"Filling up the DagBag from /opt/airflow/dags/loan_pipeline.py","logger":"airflow.dag_processing.dagbag.BundleDagBag","filename":"dagbag.py","lineno":469}
{"timestamp":"2026-05-06T10:21:24.568562Z","level":"info","event":"Filling up the DagBag from /opt/airflow/dags/loan_pipeline.py","logger":"airflow.dag_processing.dagbag.BundleDagBag","filename":"dagbag.py","lineno":469}
{"timestamp":"2026-05-06T10:21:58.355190Z","level":"info","event":"Filling up the DagBag from /opt/airflow/dags/loan_pipeline.py","logger":"airflow.dag_processing.dagbag.BundleDagBag","filename":"dagbag.py","lineno":469}
{"timestamp":"2026-05-06T10:22:30.356409Z","level":"info","event":"Filling up the DagBag from /opt/airflow/dags/loan_pipeline.py","logger":"airflow.dag_processing.dagbag.BundleDagBag","filename":"dagbag.py","lineno":469}
{"timestamp":"2026-05-06T10:23:01.646623Z","level":"info","event":"Filling up the DagBag from /opt/airflow/dags/loan_pipeline.py","logger":"airflow.dag_processing.dagbag.BundleDagBag","filename":"dagbag.py","lineno":469}
{"timestamp":"2026-05-06T10:23:34.188682Z","level":"info","event":"Filling up the DagBag from /opt/airflow/dags/loan_pipeline.py","logger":"airflow.dag_processing.dagbag.BundleDagBag","filename":"dagbag.py","lineno":469}
{"timestamp":"2026-05-06T10:24:05.444481Z","level":"info","event":"Filling up the DagBag from /opt/airflow/dags/loan_pipeline.py","logger":"airflow.dag_processing.dagbag.BundleDagBag","filename":"dagbag.py","lineno":469}
{"timestamp":"2026-05-06T10:24:37.379828Z","level":"info","event":"Filling up the DagBag from /opt/airflow/dags/loan_pipeline.py","logger":"airflow.dag_processing.dagbag.BundleDagBag","filename":"dagbag.py","lineno":469}
{"timestamp":"2026-05-06T10:25:10.496981Z","level":"info","event":"Filling up the DagBag from /opt/airflow/dags/loan_pipeline.py","logger":"airflow.dag_processing.dagbag.BundleDagBag","filename":"dagbag.py","lineno":469}
{"timestamp":"2026-05-06T10:25:42.538429Z","level":"info","event":"Filling up the DagBag from /opt/airflow/dags/loan_pipeline.py","logger":"airflow.dag_processing.dagbag.BundleDagBag","filename":"dagbag.py","lineno":469}
{"timestamp":"2026-05-06T10:26:14.572176Z","level":"info","event":"Filling up the DagBag from /opt/airflow/dags/loan_pipeline.py","logger":"airflow.dag_processing.dagbag.BundleDagBag","filename":"dagbag.py","lineno":469}
{"timestamp":"2026-05-06T10:26:46.555687Z","level":"info","event":"Filling up the DagBag from /opt/airflow/dags/loan_pipeline.py","logger":"airflow.dag_processing.dagbag.BundleDagBag","filename":"dagbag.py","lineno":469}
{"timestamp":"2026-05-06T10:27:19.167261Z","level":"info","event":"Filling up the DagBag from /opt/airflow/dags/loan_pipeline.py","logger":"airflow.dag_processing.dagbag.BundleDagBag","filename":"dagbag.py","lineno":469}
{"timestamp":"2026-05-06T10:27:50.917983Z","level":"info","event":"Filling up the DagBag from /opt/airflow/dags/loan_pipeline.py","logger":"airflow.dag_processing.dagbag.BundleDagBag","filename":"dagbag.py","lineno":469}
{"timestamp":"2026-05-06T10:28:22.299233Z","level":"info","event":"Filling up the DagBag from /opt/airflow/dags/loan_pipeline.py","logger":"airflow.dag_processing.dagbag.BundleDagBag","filename":"dagbag.py","lineno":469}
{"timestamp":"2026-05-06T10:28:54.468131Z","level":"info","event":"Filling up the DagBag from /opt/airflow/dags/loan_pipeline.py","logger":"airflow.dag_processing.dagbag.BundleDagBag","filename":"dagbag.py","lineno":469}
{"timestamp":"2026-05-06T10:29:25.745052Z","level":"info","event":"Filling up the DagBag from /opt/airflow/dags/loan_pipeline.py","logger":"airflow.dag_processing.dagbag.BundleDagBag","filename":"dagbag.py","lineno":469}
{"timestamp":"2026-05-06T10:29:57.337346Z","level":"info","event":"Filling up the DagBag from /opt/airflow/dags/loan_pipeline.py","logger":"airflow.dag_processing.dagbag.BundleDagBag","filename":"dagbag.py","lineno":469}
{"timestamp":"2026-05-06T10:30:28.752049Z","level":"info","event":"Filling up the DagBag from /opt/airflow/dags/loan_pipeline.py","logger":"airflow.dag_processing.dagbag.BundleDagBag","filename":"dagbag.py","lineno":469}
{"timestamp":"2026-05-06T10:31:00.559594Z","level":"info","event":"Filling up the DagBag from /opt/airflow/dags/loan_pipeline.py","logger":"airflow.dag_processing.dagbag.BundleDagBag","filename":"dagbag.py","lineno":469}
{"timestamp":"2026-05-06T10:31:32.026320Z","level":"info","event":"Filling up the DagBag from /opt/airflow/dags/loan_pipeline.py","logger":"airflow.dag_processing.dagbag.BundleDagBag","filename":"dagbag.py","lineno":469}
{"timestamp":"2026-05-06T10:32:03.785751Z","level":"info","event":"Filling up the DagBag from /opt/airflow/dags/loan_pipeline.py","logger":"airflow.dag_processing.dagbag.BundleDagBag","filename":"dagbag.py","lineno":469}
{"timestamp":"2026-05-06T10:32:35.067352Z","level":"info","event":"Filling up the DagBag from /opt/airflow/dags/loan_pipeline.py","logger":"airflow.dag_processing.dagbag.BundleDagBag","filename":"dagbag.py","lineno":469}
{"timestamp":"2026-05-06T10:33:06.497774Z","level":"info","event":"Filling up the DagBag from /opt/airflow/dags/loan_pipeline.py","logger":"airflow.dag_processing.dagbag.BundleDagBag","filename":"dagbag.py","lineno":469}
{"timestamp":"2026-05-06T10:33:38.519767Z","level":"info","event":"Filling up the DagBag from /opt/airflow/dags/loan_pipeline.py","logger":"airflow.dag_processing.dagbag.BundleDagBag","filename":"dagbag.py","lineno":469}
{"timestamp":"2026-05-06T10:34:10.338515Z","level":"info","event":"Filling up the DagBag from /opt/airflow/dags/loan_pipeline.py","logger":"airflow.dag_processing.dagbag.BundleDagBag","filename":"dagbag.py","lineno":469}
{"timestamp":"2026-05-06T10:34:41.934449Z","level":"info","event":"Filling up the DagBag from /opt/airflow/dags/loan_pipeline.py","logger":"airflow.dag_processing.dagbag.BundleDagBag","filename":"dagbag.py","lineno":469}
{"timestamp":"2026-05-06T10:35:13.481644Z","level":"info","event":"Filling up the DagBag from /opt/airflow/dags/loan_pipeline.py","logger":"airflow.dag_processing.dagbag.BundleDagBag","filename":"dagbag.py","lineno":469}
{"timestamp":"2026-05-06T10:35:44.970041Z","level":"info","event":"Filling up the DagBag from /opt/airflow/dags/loan_pipeline.py","logger":"airflow.dag_processing.dagbag.BundleDagBag","filename":"dagbag.py","lineno":469}
{"timestamp":"2026-05-06T10:37:23.111083Z","level":"info","event":"Filling up the DagBag from /opt/airflow/dags/loan_pipeline.py","logger":"airflow.dag_processing.dagbag.BundleDagBag","filename":"dagbag.py","lineno":469}
{"timestamp":"2026-05-06T10:37:56.476567Z","level":"info","event":"Filling up the DagBag from /opt/airflow/dags/loan_pipeline.py","logger":"airflow.dag_processing.dagbag.BundleDagBag","filename":"dagbag.py","lineno":469}
{"timestamp":"2026-05-06T10:38:27.581168Z","level":"info","event":"Filling up the DagBag from /opt/airflow/dags/loan_pipeline.py","logger":"airflow.dag_processing.dagbag.BundleDagBag","filename":"dagbag.py","lineno":469}
{"timestamp":"2026-05-06T10:38:58.949825Z","level":"info","event":"Filling up the DagBag from /opt/airflow/dags/loan_pipeline.py","logger":"airflow.dag_processing.dagbag.BundleDagBag","filename":"dagbag.py","lineno":469}
{"timestamp":"2026-05-06T10:39:30.579219Z","level":"info","event":"Filling up the DagBag from /opt/airflow/dags/loan_pipeline.py","logger":"airflow.dag_processing.dagbag.BundleDagBag","filename":"dagbag.py","lineno":469}
{"timestamp":"2026-05-06T10:40:02.060434Z","level":"info","event":"Filling up the DagBag from /opt/airflow/dags/loan_pipeline.py","logger":"airflow.dag_processing.dagbag.BundleDagBag","filename":"dagbag.py","lineno":469}
{"timestamp":"2026-05-06T10:40:33.453346Z","level":"info","event":"Filling up the DagBag from /opt/airflow/dags/loan_pipeline.py","logger":"airflow.dag_processing.dagbag.BundleDagBag","filename":"dagbag.py","lineno":469}
{"timestamp":"2026-05-06T10:41:05.009792Z","level":"info","event":"Filling up the DagBag from /opt/airflow/dags/loan_pipeline.py","logger":"airflow.dag_processing.dagbag.BundleDagBag","filename":"dagbag.py","lineno":469}
{"timestamp":"2026-05-06T10:41:36.347844Z","level":"info","event":"Filling up the DagBag from /opt/airflow/dags/loan_pipeline.py","logger":"airflow.dag_processing.dagbag.BundleDagBag","filename":"dagbag.py","lineno":469}
{"timestamp":"2026-05-06T10:42:07.534470Z","level":"info","event":"Filling up the DagBag from /opt/airflow/dags/loan_pipeline.py","logger":"airflow.dag_processing.dagbag.BundleDagBag","filename":"dagbag.py","lineno":469}
{"timestamp":"2026-05-06T10:42:38.875388Z","level":"info","event":"Filling up the DagBag from /opt/airflow/dags/loan_pipeline.py","logger":"airflow.dag_processing.dagbag.BundleDagBag","filename":"dagbag.py","lineno":469}
{"timestamp":"2026-05-06T10:43:11.364874Z","level":"info","event":"Filling up the DagBag from /opt/airflow/dags/loan_pipeline.py","logger":"airflow.dag_processing.dagbag.BundleDagBag","filename":"dagbag.py","lineno":469}
{"timestamp":"2026-05-06T10:43:48.470576Z","level":"info","event":"Filling up the DagBag from /opt/airflow/dags/loan_pipeline.py","logger":"airflow.dag_processing.dagbag.BundleDagBag","filename":"dagbag.py","lineno":469}
{"timestamp":"2026-05-06T10:44:24.727696Z","level":"info","event":"Filling up the DagBag from /opt/airflow/dags/loan_pipeline.py","logger":"airflow.dag_processing.dagbag.BundleDagBag","filename":"dagbag.py","lineno":469}
{"timestamp":"2026-05-06T10:44:58.038327Z","level":"info","event":"Filling up the DagBag from /opt/airflow/dags/loan_pipeline.py","logger":"airflow.dag_processing.dagbag.BundleDagBag","filename":"dagbag.py","lineno":469}
{"timestamp":"2026-05-06T10:45:29.860331Z","level":"info","event":"Filling up the DagBag from /opt/airflow/dags/loan_pipeline.py","logger":"airflow.dag_processing.dagbag.BundleDagBag","filename":"dagbag.py","lineno":469}
{"timestamp":"2026-05-06T10:46:01.879654Z","level":"info","event":"Filling up the DagBag from /opt/airflow/dags/loan_pipeline.py","logger":"airflow.dag_processing.dagbag.BundleDagBag","filename":"dagbag.py","lineno":469}
{"timestamp":"2026-05-06T10:46:34.053104Z","level":"info","event":"Filling up the DagBag from /opt/airflow/dags/loan_pipeline.py","logger":"airflow.dag_processing.dagbag.BundleDagBag","filename":"dagbag.py","lineno":469}
{"timestamp":"2026-05-06T10:47:08.391102Z","level":"info","event":"Filling up the DagBag from /opt/airflow/dags/loan_pipeline.py","logger":"airflow.dag_processing.dagbag.BundleDagBag","filename":"dagbag.py","lineno":469}
{"timestamp":"2026-05-06T10:47:45.377443Z","level":"info","event":"Filling up the DagBag from /opt/airflow/dags/loan_pipeline.py","logger":"airflow.dag_processing.dagbag.BundleDagBag","filename":"dagbag.py","lineno":469}
{"timestamp":"2026-05-06T10:48:16.867478Z","level":"info","event":"Filling up the DagBag from /opt/airflow/dags/loan_pipeline.py","logger":"airflow.dag_processing.dagbag.BundleDagBag","filename":"dagbag.py","lineno":469}
{"timestamp":"2026-05-06T10:48:48.604553Z","level":"info","event":"Filling up the DagBag from /opt/airflow/dags/loan_pipeline.py","logger":"airflow.dag_processing.dagbag.BundleDagBag","filename":"dagbag.py","lineno":469}
{"timestamp":"2026-05-06T10:49:20.633278Z","level":"info","event":"Filling up the DagBag from /opt/airflow/dags/loan_pipeline.py","logger":"airflow.dag_processing.dagbag.BundleDagBag","filename":"dagbag.py","lineno":469}
{"timestamp":"2026-05-06T10:49:52.656021Z","level":"info","event":"Filling up the DagBag from /opt/airflow/dags/loan_pipeline.py","logger":"airflow.dag_processing.dagbag.BundleDagBag","filename":"dagbag.py","lineno":469}
{"timestamp":"2026-05-06T10:50:25.250484Z","level":"info","event":"Filling up the DagBag from /opt/airflow/dags/loan_pipeline.py","logger":"airflow.dag_processing.dagbag.BundleDagBag","filename":"dagbag.py","lineno":469}
{"timestamp":"2026-05-06T10:50:56.922219Z","level":"info","event":"Filling up the DagBag from /opt/airflow/dags/loan_pipeline.py","logger":"airflow.dag_processing.dagbag.BundleDagBag","filename":"dagbag.py","lineno":469}
{"timestamp":"2026-05-06T10:51:41.219373Z","level":"info","event":"Filling up the DagBag from /opt/airflow/dags/loan_pipeline.py","logger":"airflow.dag_processing.dagbag.BundleDagBag","filename":"dagbag.py","lineno":469}
{"timestamp":"2026-05-06T10:52:13.135030Z","level":"error","event":"Process timed out, PID: 1887","logger":"airflow.dag_processing.importers.python_importer","filename":"python_importer.py","lineno":62}
{"timestamp":"2026-05-06T10:52:13.137312Z","level":"error","event":"Failed to import: /opt/airflow/dags/loan_pipeline.py","logger":"airflow.dag_processing.importers.python_importer","filename":"python_importer.py","lineno":244,"error_detail":[{"exc_type":"AirflowTaskTimeout","exc_value":"DagBag import timeout for /opt/airflow/dags/loan_pipeline.py after 30.0s.\nPlease take a look at these docs to improve your DAG import time:\n* https://airflow.apache.org/docs/apache-airflow/3.2.1/best-practices.html#top-level-python-code\n* https://airflow.apache.org/docs/apache-airflow/3.2.1/best-practices.html#reducing-dag-complexity, PID: 1887","exc_notes":[],"syntax_error":null,"is_cause":false,"frames":[{"filename":"/home/airflow/.local/lib/python3.13/site-packages/airflow/dag_processing/importers/python_importer.py","lineno":238,"name":"parse"},{"filename":"<frozen importlib._bootstrap_external>","lineno":1023,"name":"exec_module"},{"filename":"<frozen importlib._bootstrap>","lineno":488,"name":"_call_with_frames_removed"},{"filename":"/opt/airflow/dags/loan_pipeline.py","lineno":4,"name":"<module>"},{"filename":"/home/airflow/.local/lib/python3.13/site-packages/pandas/__init__.py","lineno":49,"name":"<module>"},{"filename":"/home/airflow/.local/lib/python3.13/site-packages/pandas/core/api.py","lineno":28,"name":"<module>"},{"filename":"/home/airflow/.local/lib/python3.13/site-packages/pandas/core/arrays/__init__.py","lineno":9,"name":"<module>"},{"filename":"/home/airflow/.local/lib/python3.13/site-packages/pandas/core/arrays/datetimes.py","lineno":64,"name":"<module>"},{"filename":"<frozen importlib._bootstrap>","lineno":1360,"name":"_find_and_load"},{"filename":"<frozen importlib._bootstrap>","lineno":1331,"name":"_find_and_load_unlocked"},{"filename":"<frozen importlib._bootstrap>","lineno":935,"name":"_load_unlocked"},{"filename":"<frozen importlib._bootstrap_external>","lineno":1019,"name":"exec_module"},{"filename":"<frozen importlib._bootstrap_external>","lineno":1152,"name":"get_code"},{"filename":"<frozen importlib._bootstrap_external>","lineno":783,"name":"_compile_bytecode"},{"filename":"<frozen importlib._bootstrap>","lineno":491,"name":"_verbose_message"},{"filename":"/home/airflow/.local/lib/python3.13/site-packages/airflow/dag_processing/importers/python_importer.py","lineno":65,"name":"handle_timeout"}],"is_group":false,"exceptions":[]}]}
{"timestamp":"2026-05-06T10:52:13.457616Z","level":"error","event":"Error loading DAG from loan_pipeline.py: DagBag import timeout for /opt/airflow/dags/loan_pipeline.py after 30.0s.\nPlease take a look at these docs to improve your DAG import time:\n* https://airflow.apache.org/docs/apache-airflow/3.2.1/best-practices.html#top-level-python-code\n* https://airflow.apache.org/docs/apache-airflow/3.2.1/best-practices.html#reducing-dag-complexity, PID: 1887","logger":"airflow.dag_processing.dagbag.BundleDagBag","filename":"dagbag.py","lineno":327}
{"timestamp":"2026-05-06T10:52:49.021243Z","level":"info","event":"Filling up the DagBag from /opt/airflow/dags/loan_pipeline.py","logger":"airflow.dag_processing.dagbag.BundleDagBag","filename":"dagbag.py","lineno":469}
{"timestamp":"2026-05-06T10:53:55.767598Z","level":"info","event":"Filling up the DagBag from /opt/airflow/dags/loan_pipeline.py","logger":"airflow.dag_processing.dagbag.BundleDagBag","filename":"dagbag.py","lineno":469}
{"timestamp":"2026-05-06T10:54:28.843067Z","level":"error","event":"Process timed out, PID: 1922","logger":"airflow.dag_processing.importers.python_importer","filename":"python_importer.py","lineno":62}
{"timestamp":"2026-05-06T10:54:28.844885Z","level":"error","event":"Failed to import: /opt/airflow/dags/loan_pipeline.py","logger":"airflow.dag_processing.importers.python_importer","filename":"python_importer.py","lineno":244,"error_detail":[{"exc_type":"AirflowTaskTimeout","exc_value":"DagBag import timeout for /opt/airflow/dags/loan_pipeline.py after 30.0s.\nPlease take a look at these docs to improve your DAG import time:\n* https://airflow.apache.org/docs/apache-airflow/3.2.1/best-practices.html#top-level-python-code\n* https://airflow.apache.org/docs/apache-airflow/3.2.1/best-practices.html#reducing-dag-complexity, PID: 1922","exc_notes":[],"syntax_error":null,"is_cause":false,"frames":[{"filename":"/home/airflow/.local/lib/python3.13/site-packages/airflow/dag_processing/importers/python_importer.py","lineno":238,"name":"parse"},{"filename":"<frozen importlib._bootstrap_external>","lineno":1023,"name":"exec_module"},{"filename":"<frozen importlib._bootstrap>","lineno":488,"name":"_call_with_frames_removed"},{"filename":"/opt/airflow/dags/loan_pipeline.py","lineno":4,"name":"<module>"},{"filename":"/home/airflow/.local/lib/python3.13/site-packages/pandas/__init__.py","lineno":49,"name":"<module>"},{"filename":"/home/airflow/.local/lib/python3.13/site-packages/pandas/core/api.py","lineno":28,"name":"<module>"},{"filename":"/home/airflow/.local/lib/python3.13/site-packages/pandas/core/arrays/__init__.py","lineno":1,"name":"<module>"},{"filename":"/home/airflow/.local/lib/python3.13/site-packages/pandas/core/arrays/arrow/__init__.py","lineno":5,"name":"<module>"},{"filename":"/home/airflow/.local/lib/python3.13/site-packages/pandas/core/arrays/arrow/array.py","lineno":60,"name":"<module>"},{"filename":"/home/airflow/.local/lib/python3.13/site-packages/pandas/core/arraylike.py","lineno":31,"name":"<module>"},{"filename":"/home/airflow/.local/lib/python3.13/site-packages/pandas/core/arraylike.py","lineno":98,"name":"OpsMixin"},{"filename":"/home/airflow/.local/lib/python3.13/site-packages/pandas/core/ops/common.py","lineno":38,"name":"wrapper"},{"filename":"/home/airflow/.local/lib/python3.13/site-packages/pandas/core/ops/common.py","lineno":62,"name":"_unpack_zerodim_and_defer"},{"filename":"/usr/python/lib/python3.13/functools.py","lineno":59,"name":"update_wrapper"},{"filename":"/home/airflow/.local/lib/python3.13/site-packages/airflow/dag_processing/importers/python_importer.py","lineno":65,"name":"handle_timeout"}],"is_group":false,"exceptions":[]}]}
{"timestamp":"2026-05-06T10:54:30.261024Z","level":"error","event":"Error loading DAG from loan_pipeline.py: DagBag import timeout for /opt/airflow/dags/loan_pipeline.py after 30.0s.\nPlease take a look at these docs to improve your DAG import time:\n* https://airflow.apache.org/docs/apache-airflow/3.2.1/best-practices.html#top-level-python-code\n* https://airflow.apache.org/docs/apache-airflow/3.2.1/best-practices.html#reducing-dag-complexity, PID: 1922","logger":"airflow.dag_processing.dagbag.BundleDagBag","filename":"dagbag.py","lineno":327}
{"timestamp":"2026-05-06T10:55:28.531173Z","level":"info","event":"Filling up the DagBag from /opt/airflow/dags/loan_pipeline.py","logger":"airflow.dag_processing.dagbag.BundleDagBag","filename":"dagbag.py","lineno":469}
{"timestamp":"2026-05-06T10:55:59.897436Z","level":"error","event":"Process timed out, PID: 1941","logger":"airflow.dag_processing.importers.python_importer","filename":"python_importer.py","lineno":62}
{"timestamp":"2026-05-06T10:55:59.922199Z","level":"error","event":"Failed to import: /opt/airflow/dags/loan_pipeline.py","logger":"airflow.dag_processing.importers.python_importer","filename":"python_importer.py","lineno":244,"error_detail":[{"exc_type":"AirflowTaskTimeout","exc_value":"DagBag import timeout for /opt/airflow/dags/loan_pipeline.py after 30.0s.\nPlease take a look at these docs to improve your DAG import time:\n* https://airflow.apache.org/docs/apache-airflow/3.2.1/best-practices.html#top-level-python-code\n* https://airflow.apache.org/docs/apache-airflow/3.2.1/best-practices.html#reducing-dag-complexity, PID: 1941","exc_notes":[],"syntax_error":null,"is_cause":false,"frames":[{"filename":"/home/airflow/.local/lib/python3.13/site-packages/airflow/dag_processing/importers/python_importer.py","lineno":238,"name":"parse"},{"filename":"<frozen importlib._bootstrap_external>","lineno":1023,"name":"exec_module"},{"filename":"<frozen importlib._bootstrap>","lineno":488,"name":"_call_with_frames_removed"},{"filename":"/opt/airflow/dags/loan_pipeline.py","lineno":4,"name":"<module>"},{"filename":"/home/airflow/.local/lib/python3.13/site-packages/pandas/__init__.py","lineno":49,"name":"<module>"},{"filename":"/home/airflow/.local/lib/python3.13/site-packages/pandas/core/api.py","lineno":28,"name":"<module>"},{"filename":"/home/airflow/.local/lib/python3.13/site-packages/pandas/core/arrays/__init__.py","lineno":1,"name":"<module>"},{"filename":"/home/airflow/.local/lib/python3.13/site-packages/pandas/core/arrays/arrow/__init__.py","lineno":1,"name":"<module>"},{"filename":"/home/airflow/.local/lib/python3.13/site-packages/pandas/core/arrays/arrow/accessors.py","lineno":23,"name":"<module>"},{"filename":"/home/airflow/.local/lib/python3.13/site-packages/pyarrow/compute.py","lineno":112,"name":"<module>"},{"filename":"/home/airflow/.local/lib/python3.13/site-packages/pyarrow/vendored/docscrape.py","lineno":13,"name":"<module>"},{"filename":"<frozen importlib._bootstrap>","lineno":1360,"name":"_find_and_load"},{"filename":"<frozen importlib._bootstrap>","lineno":1331,"name":"_find_and_load_unlocked"},{"filename":"<frozen importlib._bootstrap>","lineno":935,"name":"_load_unlocked"},{"filename":"<frozen importlib._bootstrap_external>","lineno":1019,"name":"exec_module"},{"filename":"<frozen importlib._bootstrap_external>","lineno":1152,"name":"get_code"},{"filename":"<frozen importlib._bootstrap_external>","lineno":781,"name":"_compile_bytecode"},{"filename":"/home/airflow/.local/lib/python3.13/site-packages/airflow/dag_processing/importers/python_importer.py","lineno":65,"name":"handle_timeout"}],"is_group":false,"exceptions":[]}]}
{"timestamp":"2026-05-06T10:56:00.264575Z","level":"error","event":"Error loading DAG from loan_pipeline.py: DagBag import timeout for /opt/airflow/dags/loan_pipeline.py after 30.0s.\nPlease take a look at these docs to improve your DAG import time:\n* https://airflow.apache.org/docs/apache-airflow/3.2.1/best-practices.html#top-level-python-code\n* https://airflow.apache.org/docs/apache-airflow/3.2.1/best-practices.html#reducing-dag-complexity, PID: 1941","logger":"airflow.dag_processing.dagbag.BundleDagBag","filename":"dagbag.py","lineno":327}
{"timestamp":"2026-05-06T10:56:55.198614Z","level":"info","event":"Filling up the DagBag from /opt/airflow/dags/loan_pipeline.py","logger":"airflow.dag_processing.dagbag.BundleDagBag","filename":"dagbag.py","lineno":469}
{"timestamp":"2026-05-06T10:57:29.347496Z","level":"error","event":"Process timed out, PID: 1960","logger":"airflow.dag_processing.importers.python_importer","filename":"python_importer.py","lineno":62}
{"timestamp":"2026-05-06T10:58:21.391214Z","level":"info","event":"Filling up the DagBag from /opt/airflow/dags/loan_pipeline.py","logger":"airflow.dag_processing.dagbag.BundleDagBag","filename":"dagbag.py","lineno":469}
{"timestamp":"2026-05-06T10:58:52.917714Z","level":"error","event":"Process timed out, PID: 1974","logger":"airflow.dag_processing.importers.python_importer","filename":"python_importer.py","lineno":62}
{"timestamp":"2026-05-06T10:58:53.465940Z","level":"error","event":"Failed to import: /opt/airflow/dags/loan_pipeline.py","logger":"airflow.dag_processing.importers.python_importer","filename":"python_importer.py","lineno":244,"error_detail":[{"exc_type":"AirflowTaskTimeout","exc_value":"DagBag import timeout for /opt/airflow/dags/loan_pipeline.py after 30.0s.\nPlease take a look at these docs to improve your DAG import time:\n* https://airflow.apache.org/docs/apache-airflow/3.2.1/best-practices.html#top-level-python-code\n* https://airflow.apache.org/docs/apache-airflow/3.2.1/best-practices.html#reducing-dag-complexity, PID: 1974","exc_notes":[],"syntax_error":null,"is_cause":false,"frames":[{"filename":"/home/airflow/.local/lib/python3.13/site-packages/airflow/dag_processing/importers/python_importer.py","lineno":238,"name":"parse"},{"filename":"<frozen importlib._bootstrap_external>","lineno":1023,"name":"exec_module"},{"filename":"<frozen importlib._bootstrap>","lineno":488,"name":"_call_with_frames_removed"},{"filename":"/opt/airflow/dags/loan_pipeline.py","lineno":4,"name":"<module>"},{"filename":"/home/airflow/.local/lib/python3.13/site-packages/pandas/__init__.py","lineno":49,"name":"<module>"},{"filename":"/home/airflow/.local/lib/python3.13/site-packages/pandas/core/api.py","lineno":1,"name":"<module>"},{"filename":"/home/airflow/.local/lib/python3.13/site-packages/pandas/_libs/__init__.py","lineno":18,"name":"<module>"},{"filename":"/opt/airflow/pandas/_libs/interval.pyx","lineno":1,"name":"init pandas._libs.interval"},{"filename":"/opt/airflow/pandas/_libs/hashtable.pyx","lineno":1,"name":"init pandas._libs.hashtable"},{"filename":"/opt/airflow/pandas/_libs/missing.pyx","lineno":1,"name":"init pandas._libs.missing"},{"filename":"/home/airflow/.local/lib/python3.13/site-packages/pandas/_libs/tslibs/__init__.py","lineno":40,"name":"<module>"},{"filename":"/opt/airflow/pandas/_libs/tslibs/conversion.pyx","lineno":1,"name":"init pandas._libs.tslibs.conversion"},{"filename":"/opt/airflow/pandas/_libs/tslibs/offsets.pyx","lineno":1,"name":"init pandas._libs.tslibs.offsets"},{"filename":"/opt/airflow/pandas/_libs/tslibs/timestamps.pyx","lineno":1,"name":"init pandas._libs.tslibs.timestamps"},{"filename":"/opt/airflow/pandas/_libs/tslibs/timedeltas.pyx","lineno":86,"name":"init pandas._libs.tslibs.timedeltas"},{"filename":"/opt/airflow/pandas/_libs/tslibs/fields.pyx","lineno":7,"name":"init pandas._libs.tslibs.fields"},{"filename":"<frozen importlib._bootstrap>","lineno":1360,"name":"_find_and_load"},{"filename":"<frozen importlib._bootstrap>","lineno":1331,"name":"_find_and_load_unlocked"},{"filename":"<frozen importlib._bootstrap>","lineno":935,"name":"_load_unlocked"},{"filename":"<frozen importlib._bootstrap_external>","lineno":1019,"name":"exec_module"},{"filename":"<frozen importlib._bootstrap_external>","lineno":1152,"name":"get_code"},{"filename":"<frozen importlib._bootstrap_external>","lineno":781,"name":"_compile_bytecode"},{"filename":"/home/airflow/.local/lib/python3.13/site-packages/airflow/dag_processing/importers/python_importer.py","lineno":65,"name":"handle_timeout"}],"is_group":false,"exceptions":[]}]}
{"timestamp":"2026-05-06T10:58:54.224785Z","level":"error","event":"Error loading DAG from loan_pipeline.py: DagBag import timeout for /opt/airflow/dags/loan_pipeline.py after 30.0s.\nPlease take a look at these docs to improve your DAG import time:\n* https://airflow.apache.org/docs/apache-airflow/3.2.1/best-practices.html#top-level-python-code\n* https://airflow.apache.org/docs/apache-airflow/3.2.1/best-practices.html#reducing-dag-complexity, PID: 1974","logger":"airflow.dag_processing.dagbag.BundleDagBag","filename":"dagbag.py","lineno":327}
{"timestamp":"2026-05-06T10:59:39.167856Z","level":"info","event":"Filling up the DagBag from /opt/airflow/dags/loan_pipeline.py","logger":"airflow.dag_processing.dagbag.BundleDagBag","filename":"dagbag.py","lineno":469}
{"timestamp":"2026-05-06T11:00:14.624850Z","level":"error","event":"Process timed out, PID: 1995","logger":"airflow.dag_processing.importers.python_importer","filename":"python_importer.py","lineno":62}
{"timestamp":"2026-05-06T11:01:08.073355Z","level":"info","event":"Filling up the DagBag from /opt/airflow/dags/loan_pipeline.py","logger":"airflow.dag_processing.dagbag.BundleDagBag","filename":"dagbag.py","lineno":469}
{"timestamp":"2026-05-06T11:01:39.039216Z","level":"error","event":"Process timed out, PID: 2015","logger":"airflow.dag_processing.importers.python_importer","filename":"python_importer.py","lineno":62}
{"timestamp":"2026-05-06T11:01:39.056319Z","level":"error","event":"Failed to import: /opt/airflow/dags/loan_pipeline.py","logger":"airflow.dag_processing.importers.python_importer","filename":"python_importer.py","lineno":244,"error_detail":[{"exc_type":"AirflowTaskTimeout","exc_value":"DagBag import timeout for /opt/airflow/dags/loan_pipeline.py after 30.0s.\nPlease take a look at these docs to improve your DAG import time:\n* https://airflow.apache.org/docs/apache-airflow/3.2.1/best-practices.html#top-level-python-code\n* https://airflow.apache.org/docs/apache-airflow/3.2.1/best-practices.html#reducing-dag-complexity, PID: 2015","exc_notes":[],"syntax_error":null,"is_cause":false,"frames":[{"filename":"/home/airflow/.local/lib/python3.13/site-packages/airflow/dag_processing/importers/python_importer.py","lineno":238,"name":"parse"},{"filename":"<frozen importlib._bootstrap_external>","lineno":1023,"name":"exec_module"},{"filename":"<frozen importlib._bootstrap>","lineno":488,"name":"_call_with_frames_removed"},{"filename":"/opt/airflow/dags/loan_pipeline.py","lineno":4,"name":"<module>"},{"filename":"/home/airflow/.local/lib/python3.13/site-packages/pandas/__init__.py","lineno":49,"name":"<module>"},{"filename":"/home/airflow/.local/lib/python3.13/site-packages/pandas/core/api.py","lineno":28,"name":"<module>"},{"filename":"/home/airflow/.local/lib/python3.13/site-packages/pandas/core/arrays/__init__.py","lineno":1,"name":"<module>"},{"filename":"/home/airflow/.local/lib/python3.13/site-packages/pandas/core/arrays/arrow/__init__.py","lineno":5,"name":"<module>"},{"filename":"/home/airflow/.local/lib/python3.13/site-packages/pandas/core/arrays/arrow/array.py","lineno":53,"name":"<module>"},{"filename":"/home/airflow/.local/lib/python3.13/site-packages/pandas/core/ops/__init__.py","lineno":8,"name":"<module>"},{"filename":"/home/airflow/.local/lib/python3.13/site-packages/pandas/core/ops/array_ops.py","lineno":56,"name":"<module>"},{"filename":"/home/airflow/.local/lib/python3.13/site-packages/pandas/core/computation/expressions.py","lineno":21,"name":"<module>"},{"filename":"/home/airflow/.local/lib/python3.13/site-packages/pandas/core/computation/check.py","lineno":5,"name":"<module>"},{"filename":"/home/airflow/.local/lib/python3.13/site-packages/pandas/compat/_optional.py","lineno":135,"name":"import_optional_dependency"},{"filename":"/usr/python/lib/python3.13/importlib/__init__.py","lineno":88,"name":"import_module"},{"filename":"<frozen importlib._bootstrap>","lineno":1395,"name":"_gcd_import"},{"filename":"<frozen importlib._bootstrap>","lineno":1360,"name":"_find_and_load"},{"filename":"<frozen importlib._bootstrap>","lineno":1322,"name":"_find_and_load_unlocked"},{"filename":"<frozen importlib._bootstrap>","lineno":1262,"name":"_find_spec"},{"filename":"<frozen importlib._bootstrap_external>","lineno":1556,"name":"find_spec"},{"filename":"<frozen importlib._bootstrap_external>","lineno":1530,"name":"_get_spec"},{"filename":"<frozen importlib._bootstrap_external>","lineno":1657,"name":"find_spec"},{"filename":"<frozen importlib._bootstrap_external>","lineno":131,"name":"_path_join"},{"filename":"/home/airflow/.local/lib/python3.13/site-packages/airflow/dag_processing/importers/python_importer.py","lineno":65,"name":"handle_timeout"}],"is_group":false,"exceptions":[]}]}
{"timestamp":"2026-05-06T11:01:39.844341Z","level":"error","event":"Error loading DAG from loan_pipeline.py: DagBag import timeout for /opt/airflow/dags/loan_pipeline.py after 30.0s.\nPlease take a look at these docs to improve your DAG import time:\n* https://airflow.apache.org/docs/apache-airflow/3.2.1/best-practices.html#top-level-python-code\n* https://airflow.apache.org/docs/apache-airflow/3.2.1/best-practices.html#reducing-dag-complexity, PID: 2015","logger":"airflow.dag_processing.dagbag.BundleDagBag","filename":"dagbag.py","lineno":327}
{"timestamp":"2026-05-06T11:02:16.673619Z","level":"info","event":"Filling up the DagBag from /opt/airflow/dags/loan_pipeline.py","logger":"airflow.dag_processing.dagbag.BundleDagBag","filename":"dagbag.py","lineno":469}
{"timestamp":"2026-05-06T11:03:36.358331Z","level":"info","event":"Filling up the DagBag from /opt/airflow/dags/loan_pipeline.py","logger":"airflow.dag_processing.dagbag.BundleDagBag","filename":"dagbag.py","lineno":469}
{"timestamp":"2026-05-06T11:04:37.060191Z","level":"info","event":"Filling up the DagBag from /opt/airflow/dags/loan_pipeline.py","logger":"airflow.dag_processing.dagbag.BundleDagBag","filename":"dagbag.py","lineno":469}
{"timestamp":"2026-05-06T11:05:11.616498Z","level":"info","event":"Filling up the DagBag from /opt/airflow/dags/loan_pipeline.py","logger":"airflow.dag_processing.dagbag.BundleDagBag","filename":"dagbag.py","lineno":469}
{"timestamp":"2026-05-06T11:05:45.608059Z","level":"info","event":"Filling up the DagBag from /opt/airflow/dags/loan_pipeline.py","logger":"airflow.dag_processing.dagbag.BundleDagBag","filename":"dagbag.py","lineno":469}
{"timestamp":"2026-05-06T11:06:19.771369Z","level":"info","event":"Filling up the DagBag from /opt/airflow/dags/loan_pipeline.py","logger":"airflow.dag_processing.dagbag.BundleDagBag","filename":"dagbag.py","lineno":469}
{"timestamp":"2026-05-06T11:06:55.364795Z","level":"info","event":"Filling up the DagBag from /opt/airflow/dags/loan_pipeline.py","logger":"airflow.dag_processing.dagbag.BundleDagBag","filename":"dagbag.py","lineno":469}
{"timestamp":"2026-05-06T11:07:29.063093Z","level":"info","event":"Filling up the DagBag from /opt/airflow/dags/loan_pipeline.py","logger":"airflow.dag_processing.dagbag.BundleDagBag","filename":"dagbag.py","lineno":469}
{"timestamp":"2026-05-06T11:08:04.065152Z","level":"info","event":"Filling up the DagBag from /opt/airflow/dags/loan_pipeline.py","logger":"airflow.dag_processing.dagbag.BundleDagBag","filename":"dagbag.py","lineno":469}
{"timestamp":"2026-05-06T11:08:37.629033Z","level":"info","event":"Filling up the DagBag from /opt/airflow/dags/loan_pipeline.py","logger":"airflow.dag_processing.dagbag.BundleDagBag","filename":"dagbag.py","lineno":469}
{"timestamp":"2026-05-06T11:09:10.867119Z","level":"info","event":"Filling up the DagBag from /opt/airflow/dags/loan_pipeline.py","logger":"airflow.dag_processing.dagbag.BundleDagBag","filename":"dagbag.py","lineno":469}
{"timestamp":"2026-05-06T11:09:45.507482Z","level":"info","event":"Filling up the DagBag from /opt/airflow/dags/loan_pipeline.py","logger":"airflow.dag_processing.dagbag.BundleDagBag","filename":"dagbag.py","lineno":469}
{"timestamp":"2026-05-06T11:10:19.265649Z","level":"info","event":"Filling up the DagBag from /opt/airflow/dags/loan_pipeline.py","logger":"airflow.dag_processing.dagbag.BundleDagBag","filename":"dagbag.py","lineno":469}
{"timestamp":"2026-05-06T11:10:51.333455Z","level":"info","event":"Filling up the DagBag from /opt/airflow/dags/loan_pipeline.py","logger":"airflow.dag_processing.dagbag.BundleDagBag","filename":"dagbag.py","lineno":469}
{"timestamp":"2026-05-06T11:11:25.768568Z","level":"info","event":"Filling up the DagBag from /opt/airflow/dags/loan_pipeline.py","logger":"airflow.dag_processing.dagbag.BundleDagBag","filename":"dagbag.py","lineno":469}
{"timestamp":"2026-05-06T11:11:58.967561Z","level":"info","event":"Filling up the DagBag from /opt/airflow/dags/loan_pipeline.py","logger":"airflow.dag_processing.dagbag.BundleDagBag","filename":"dagbag.py","lineno":469}
{"timestamp":"2026-05-06T11:12:50.129071Z","level":"info","event":"Filling up the DagBag from /opt/airflow/dags/loan_pipeline.py","logger":"airflow.dag_processing.dagbag.BundleDagBag","filename":"dagbag.py","lineno":469}
{"timestamp":"2026-05-06T11:13:53.117166Z","level":"info","event":"Filling up the DagBag from /opt/airflow/dags/loan_pipeline.py","logger":"airflow.dag_processing.dagbag.BundleDagBag","filename":"dagbag.py","lineno":469}
{"timestamp":"2026-05-06T11:14:28.697365Z","level":"error","event":"Process timed out, PID: 2265","logger":"airflow.dag_processing.importers.python_importer","filename":"python_importer.py","lineno":62}
{"timestamp":"2026-05-06T11:14:28.856633Z","level":"error","event":"Failed to import: /opt/airflow/dags/loan_pipeline.py","logger":"airflow.dag_processing.importers.python_importer","filename":"python_importer.py","lineno":244,"error_detail":[{"exc_type":"AirflowTaskTimeout","exc_value":"DagBag import timeout for /opt/airflow/dags/loan_pipeline.py after 30.0s.\nPlease take a look at these docs to improve your DAG import time:\n* https://airflow.apache.org/docs/apache-airflow/3.2.1/best-practices.html#top-level-python-code\n* https://airflow.apache.org/docs/apache-airflow/3.2.1/best-practices.html#reducing-dag-complexity, PID: 2265","exc_notes":[],"syntax_error":null,"is_cause":false,"frames":[{"filename":"/home/airflow/.local/lib/python3.13/site-packages/airflow/dag_processing/importers/python_importer.py","lineno":238,"name":"parse"},{"filename":"<frozen importlib._bootstrap_external>","lineno":1023,"name":"exec_module"},{"filename":"<frozen importlib._bootstrap>","lineno":488,"name":"_call_with_frames_removed"},{"filename":"/opt/airflow/dags/loan_pipeline.py","lineno":4,"name":"<module>"},{"filename":"/home/airflow/.local/lib/python3.13/site-packages/pandas/__init__.py","lineno":49,"name":"<module>"},{"filename":"/home/airflow/.local/lib/python3.13/site-packages/pandas/core/api.py","lineno":47,"name":"<module>"},{"filename":"/home/airflow/.local/lib/python3.13/site-packages/pandas/core/groupby/__init__.py","lineno":1,"name":"<module>"},{"filename":"/home/airflow/.local/lib/python3.13/site-packages/pandas/core/groupby/generic.py","lineno":68,"name":"<module>"},{"filename":"/home/airflow/.local/lib/python3.13/site-packages/pandas/core/frame.py","lineno":153,"name":"<module>"},{"filename":"/home/airflow/.local/lib/python3.13/site-packages/pandas/core/generic.py","lineno":155,"name":"<module>"},{"filename":"/home/airflow/.local/lib/python3.13/site-packages/pandas/core/indexing.py","lineno":80,"name":"<module>"},{"filename":"/home/airflow/.local/lib/python3.13/site-packages/pandas/core/indexes/api.py","lineno":31,"name":"<module>"},{"filename":"<frozen importlib._bootstrap>","lineno":1360,"name":"_find_and_load"},{"filename":"<frozen importlib._bootstrap>","lineno":1331,"name":"_find_and_load_unlocked"},{"filename":"<frozen importlib._bootstrap>","lineno":935,"name":"_load_unlocked"},{"filename":"<frozen importlib._bootstrap_external>","lineno":1019,"name":"exec_module"},{"filename":"<frozen importlib._bootstrap_external>","lineno":1115,"name":"get_code"},{"filename":"<frozen importlib._bootstrap_external>","lineno":1214,"name":"get_data"},{"filename":"/home/airflow/.local/lib/python3.13/site-packages/airflow/dag_processing/importers/python_importer.py","lineno":65,"name":"handle_timeout"}],"is_group":false,"exceptions":[]}]}
{"timestamp":"2026-05-06T11:14:29.193587Z","level":"error","event":"Error loading DAG from loan_pipeline.py: DagBag import timeout for /opt/airflow/dags/loan_pipeline.py after 30.0s.\nPlease take a look at these docs to improve your DAG import time:\n* https://airflow.apache.org/docs/apache-airflow/3.2.1/best-practices.html#top-level-python-code\n* https://airflow.apache.org/docs/apache-airflow/3.2.1/best-practices.html#reducing-dag-complexity, PID: 2265","logger":"airflow.dag_processing.dagbag.BundleDagBag","filename":"dagbag.py","lineno":327}
{"timestamp":"2026-05-06T11:15:08.941199Z","level":"info","event":"Filling up the DagBag from /opt/airflow/dags/loan_pipeline.py","logger":"airflow.dag_processing.dagbag.BundleDagBag","filename":"dagbag.py","lineno":469}
{"timestamp":"2026-05-06T11:15:41.435086Z","level":"error","event":"Process timed out, PID: 2286","logger":"airflow.dag_processing.importers.python_importer","filename":"python_importer.py","lineno":62}
{"timestamp":"2026-05-06T11:15:41.436120Z","level":"error","event":"Failed to import: /opt/airflow/dags/loan_pipeline.py","logger":"airflow.dag_processing.importers.python_importer","filename":"python_importer.py","lineno":244,"error_detail":[{"exc_type":"AirflowTaskTimeout","exc_value":"DagBag import timeout for /opt/airflow/dags/loan_pipeline.py after 30.0s.\nPlease take a look at these docs to improve your DAG import time:\n* https://airflow.apache.org/docs/apache-airflow/3.2.1/best-practices.html#top-level-python-code\n* https://airflow.apache.org/docs/apache-airflow/3.2.1/best-practices.html#reducing-dag-complexity, PID: 2286","exc_notes":[],"syntax_error":null,"is_cause":false,"frames":[{"filename":"/home/airflow/.local/lib/python3.13/site-packages/airflow/dag_processing/importers/python_importer.py","lineno":238,"name":"parse"},{"filename":"<frozen importlib._bootstrap_external>","lineno":1023,"name":"exec_module"},{"filename":"<frozen importlib._bootstrap>","lineno":488,"name":"_call_with_frames_removed"},{"filename":"/opt/airflow/dags/loan_pipeline.py","lineno":4,"name":"<module>"},{"filename":"/home/airflow/.local/lib/python3.13/site-packages/pandas/__init__.py","lineno":49,"name":"<module>"},{"filename":"/home/airflow/.local/lib/python3.13/site-packages/pandas/core/api.py","lineno":47,"name":"<module>"},{"filename":"/home/airflow/.local/lib/python3.13/site-packages/pandas/core/groupby/__init__.py","lineno":1,"name":"<module>"},{"filename":"/home/airflow/.local/lib/python3.13/site-packages/pandas/core/groupby/generic.py","lineno":68,"name":"<module>"},{"filename":"/home/airflow/.local/lib/python3.13/site-packages/pandas/core/frame.py","lineno":153,"name":"<module>"},{"filename":"/home/airflow/.local/lib/python3.13/site-packages/pandas/core/generic.py","lineno":155,"name":"<module>"},{"filename":"/home/airflow/.local/lib/python3.13/site-packages/pandas/core/indexing.py","lineno":80,"name":"<module>"},{"filename":"/home/airflow/.local/lib/python3.13/site-packages/pandas/core/indexes/api.py","lineno":20,"name":"<module>"},{"filename":"/home/airflow/.local/lib/python3.13/site-packages/pandas/core/indexes/base.py","lineno":151,"name":"<module>"},{"filename":"<frozen importlib._bootstrap>","lineno":1360,"name":"_find_and_load"},{"filename":"<frozen importlib._bootstrap>","lineno":1331,"name":"_find_and_load_unlocked"},{"filename":"<frozen importlib._bootstrap>","lineno":935,"name":"_load_unlocked"},{"filename":"<frozen importlib._bootstrap_external>","lineno":1019,"name":"exec_module"},{"filename":"<frozen importlib._bootstrap_external>","lineno":1115,"name":"get_code"},{"filename":"<frozen importlib._bootstrap_external>","lineno":1214,"name":"get_data"},{"filename":"/home/airflow/.local/lib/python3.13/site-packages/airflow/dag_processing/importers/python_importer.py","lineno":65,"name":"handle_timeout"}],"is_group":false,"exceptions":[]}]}
{"timestamp":"2026-05-06T11:15:41.535829Z","level":"error","event":"Error loading DAG from loan_pipeline.py: DagBag import timeout for /opt/airflow/dags/loan_pipeline.py after 30.0s.\nPlease take a look at these docs to improve your DAG import time:\n* https://airflow.apache.org/docs/apache-airflow/3.2.1/best-practices.html#top-level-python-code\n* https://airflow.apache.org/docs/apache-airflow/3.2.1/best-practices.html#reducing-dag-complexity, PID: 2286","logger":"airflow.dag_processing.dagbag.BundleDagBag","filename":"dagbag.py","lineno":327}
{"timestamp":"2026-05-06T11:16:17.660781Z","level":"info","event":"Filling up the DagBag from /opt/airflow/dags/loan_pipeline.py","logger":"airflow.dag_processing.dagbag.BundleDagBag","filename":"dagbag.py","lineno":469}
{"timestamp":"2026-05-06T11:17:24.023042Z","level":"info","event":"Filling up the DagBag from /opt/airflow/dags/loan_pipeline.py","logger":"airflow.dag_processing.dagbag.BundleDagBag","filename":"dagbag.py","lineno":469}
{"timestamp":"2026-05-06T11:18:08.981404Z","level":"error","event":"Process timed out, PID: 2315","logger":"airflow.dag_processing.importers.python_importer","filename":"python_importer.py","lineno":62}
{"timestamp":"2026-05-06T11:19:26.136917Z","level":"info","event":"Filling up the DagBag from /opt/airflow/dags/loan_pipeline.py","logger":"airflow.dag_processing.dagbag.BundleDagBag","filename":"dagbag.py","lineno":469}
{"timestamp":"2026-05-06T11:20:41.531487Z","level":"info","event":"Filling up the DagBag from /opt/airflow/dags/loan_pipeline.py","logger":"airflow.dag_processing.dagbag.BundleDagBag","filename":"dagbag.py","lineno":469}
{"timestamp":"2026-05-06T11:21:22.733355Z","level":"error","event":"Process timed out, PID: 2351","logger":"airflow.dag_processing.importers.python_importer","filename":"python_importer.py","lineno":62}
{"timestamp":"2026-05-06T11:21:22.763782Z","level":"error","event":"Failed to import: /opt/airflow/dags/loan_pipeline.py","logger":"airflow.dag_processing.importers.python_importer","filename":"python_importer.py","lineno":244,"error_detail":[{"exc_type":"AirflowTaskTimeout","exc_value":"DagBag import timeout for /opt/airflow/dags/loan_pipeline.py after 30.0s.\nPlease take a look at these docs to improve your DAG import time:\n* https://airflow.apache.org/docs/apache-airflow/3.2.1/best-practices.html#top-level-python-code\n* https://airflow.apache.org/docs/apache-airflow/3.2.1/best-practices.html#reducing-dag-complexity, PID: 2351","exc_notes":[],"syntax_error":null,"is_cause":false,"frames":[{"filename":"/home/airflow/.local/lib/python3.13/site-packages/airflow/dag_processing/importers/python_importer.py","lineno":238,"name":"parse"},{"filename":"<frozen importlib._bootstrap_external>","lineno":1023,"name":"exec_module"},{"filename":"<frozen importlib._bootstrap>","lineno":488,"name":"_call_with_frames_removed"},{"filename":"/opt/airflow/dags/loan_pipeline.py","lineno":4,"name":"<module>"},{"filename":"/home/airflow/.local/lib/python3.13/site-packages/pandas/__init__.py","lineno":14,"name":"<module>"},{"filename":"/home/airflow/.local/lib/python3.13/site-packages/numpy/__init__.py","lineno":112,"name":"<module>"},{"filename":"/home/airflow/.local/lib/python3.13/site-packages/numpy/__config__.py","lineno":4,"name":"<module>"},{"filename":"/home/airflow/.local/lib/python3.13/site-packages/numpy/_core/__init__.py","lineno":128,"name":"<module>"},{"filename":"/home/airflow/.local/lib/python3.13/site-packages/numpy/_core/_add_newdocs.py","lineno":4166,"name":"<module>"},{"filename":"/home/airflow/.local/lib/python3.13/site-packages/numpy/_core/_add_newdocs.py","lineno":3412,"name":"_array_method_doc"},{"filename":"/home/airflow/.local/lib/python3.13/site-packages/numpy/_core/function_base.py","lineno":544,"name":"add_newdoc"},{"filename":"/home/airflow/.local/lib/python3.13/site-packages/numpy/_core/function_base.py","lineno":482,"name":"_add_docstring"},{"filename":"/usr/python/lib/python3.13/inspect.py","lineno":905,"name":"cleandoc"},{"filename":"/home/airflow/.local/lib/python3.13/site-packages/airflow/dag_processing/importers/python_importer.py","lineno":65,"name":"handle_timeout"}],"is_group":false,"exceptions":[]}]}
{"timestamp":"2026-05-06T11:21:25.246030Z","level":"error","event":"Error loading DAG from loan_pipeline.py: DagBag import timeout for /opt/airflow/dags/loan_pipeline.py after 30.0s.\nPlease take a look at these docs to improve your DAG import time:\n* https://airflow.apache.org/docs/apache-airflow/3.2.1/best-practices.html#top-level-python-code\n* https://airflow.apache.org/docs/apache-airflow/3.2.1/best-practices.html#reducing-dag-complexity, PID: 2351","logger":"airflow.dag_processing.dagbag.BundleDagBag","filename":"dagbag.py","lineno":327}
{"timestamp":"2026-05-06T11:22:16.334554Z","level":"info","event":"Filling up the DagBag from /opt/airflow/dags/loan_pipeline.py","logger":"airflow.dag_processing.dagbag.BundleDagBag","filename":"dagbag.py","lineno":469}
{"timestamp":"2026-05-06T11:22:56.537331Z","level":"error","event":"Process timed out, PID: 2370","logger":"airflow.dag_processing.importers.python_importer","filename":"python_importer.py","lineno":62}
{"timestamp":"2026-05-06T11:22:56.692659Z","level":"error","event":"Failed to import: /opt/airflow/dags/loan_pipeline.py","logger":"airflow.dag_processing.importers.python_importer","filename":"python_importer.py","lineno":244,"error_detail":[{"exc_type":"AirflowTaskTimeout","exc_value":"DagBag import timeout for /opt/airflow/dags/loan_pipeline.py after 30.0s.\nPlease take a look at these docs to improve your DAG import time:\n* https://airflow.apache.org/docs/apache-airflow/3.2.1/best-practices.html#top-level-python-code\n* https://airflow.apache.org/docs/apache-airflow/3.2.1/best-practices.html#reducing-dag-complexity, PID: 2370","exc_notes":[],"syntax_error":null,"is_cause":false,"frames":[{"filename":"/home/airflow/.local/lib/python3.13/site-packages/airflow/dag_processing/importers/python_importer.py","lineno":238,"name":"parse"},{"filename":"<frozen importlib._bootstrap_external>","lineno":1023,"name":"exec_module"},{"filename":"<frozen importlib._bootstrap>","lineno":488,"name":"_call_with_frames_removed"},{"filename":"/opt/airflow/dags/loan_pipeline.py","lineno":4,"name":"<module>"},{"filename":"/home/airflow/.local/lib/python3.13/site-packages/pandas/__init__.py","lineno":14,"name":"<module>"},{"filename":"/home/airflow/.local/lib/python3.13/site-packages/numpy/__init__.py","lineno":457,"name":"<module>"},{"filename":"/home/airflow/.local/lib/python3.13/site-packages/numpy/lib/__init__.py","lineno":18,"name":"<module>"},{"filename":"/home/airflow/.local/lib/python3.13/site-packages/numpy/lib/_npyio_impl.py","lineno":26,"name":"<module>"},{"filename":"<frozen importlib._bootstrap>","lineno":1360,"name":"_find_and_load"},{"filename":"<frozen importlib._bootstrap>","lineno":1331,"name":"_find_and_load_unlocked"},{"filename":"<frozen importlib._bootstrap>","lineno":946,"name":"_load_unlocked"},{"filename":"/home/airflow/.local/lib/python3.13/site-packages/airflow/dag_processing/importers/python_importer.py","lineno":65,"name":"handle_timeout"}],"is_group":false,"exceptions":[]}]}
{"timestamp":"2026-05-06T11:24:24.088242Z","level":"info","event":"Filling up the DagBag from /opt/airflow/dags/loan_pipeline.py","logger":"airflow.dag_processing.dagbag.BundleDagBag","filename":"dagbag.py","lineno":469}
{"timestamp":"2026-05-06T11:26:02.024415Z","level":"info","event":"Filling up the DagBag from /opt/airflow/dags/loan_pipeline.py","logger":"airflow.dag_processing.dagbag.BundleDagBag","filename":"dagbag.py","lineno":469}
{"timestamp":"2026-05-06T11:47:57.496058Z","level":"info","event":"Filling up the DagBag from /opt/airflow/dags/loan_pipeline.py","logger":"airflow.dag_processing.dagbag.BundleDagBag","filename":"dagbag.py","lineno":469}
{"timestamp":"2026-05-06T12:03:59.740392Z","level":"info","event":"Filling up the DagBag from /opt/airflow/dags/loan_pipeline.py","logger":"airflow.dag_processing.dagbag.BundleDagBag","filename":"dagbag.py","lineno":469}
{"timestamp":"2026-05-06T12:04:41.942753Z","level":"info","event":"Filling up the DagBag from /opt/airflow/dags/loan_pipeline.py","logger":"airflow.dag_processing.dagbag.BundleDagBag","filename":"dagbag.py","lineno":469}
{"timestamp":"2026-05-06T12:05:17.893790Z","level":"info","event":"Filling up the DagBag from /opt/airflow/dags/loan_pipeline.py","logger":"airflow.dag_processing.dagbag.BundleDagBag","filename":"dagbag.py","lineno":469}
{"timestamp":"2026-05-06T12:05:54.604743Z","level":"info","event":"Filling up the DagBag from /opt/airflow/dags/loan_pipeline.py","logger":"airflow.dag_processing.dagbag.BundleDagBag","filename":"dagbag.py","lineno":469}
{"timestamp":"2026-05-06T12:06:30.574868Z","level":"info","event":"Filling up the DagBag from /opt/airflow/dags/loan_pipeline.py","logger":"airflow.dag_processing.dagbag.BundleDagBag","filename":"dagbag.py","lineno":469}
{"timestamp":"2026-05-06T12:07:04.179602Z","level":"info","event":"Filling up the DagBag from /opt/airflow/dags/loan_pipeline.py","logger":"airflow.dag_processing.dagbag.BundleDagBag","filename":"dagbag.py","lineno":469}
{"timestamp":"2026-05-06T12:07:37.665212Z","level":"info","event":"Filling up the DagBag from /opt/airflow/dags/loan_pipeline.py","logger":"airflow.dag_processing.dagbag.BundleDagBag","filename":"dagbag.py","lineno":469}
{"timestamp":"2026-05-06T12:15:00.876972Z","level":"info","event":"Filling up the DagBag from /opt/airflow/dags/loan_pipeline.py","logger":"airflow.dag_processing.dagbag.BundleDagBag","filename":"dagbag.py","lineno":469}
{"timestamp":"2026-05-06T12:15:45.451067Z","level":"info","event":"Filling up the DagBag from /opt/airflow/dags/loan_pipeline.py","logger":"airflow.dag_processing.dagbag.BundleDagBag","filename":"dagbag.py","lineno":469}
{"timestamp":"2026-05-06T12:16:19.306438Z","level":"info","event":"Filling up the DagBag from /opt/airflow/dags/loan_pipeline.py","logger":"airflow.dag_processing.dagbag.BundleDagBag","filename":"dagbag.py","lineno":469}
{"timestamp":"2026-05-06T12:16:52.106778Z","level":"info","event":"Filling up the DagBag from /opt/airflow/dags/loan_pipeline.py","logger":"airflow.dag_processing.dagbag.BundleDagBag","filename":"dagbag.py","lineno":469}
{"timestamp":"2026-05-06T12:17:23.870099Z","level":"info","event":"Filling up the DagBag from /opt/airflow/dags/loan_pipeline.py","logger":"airflow.dag_processing.dagbag.BundleDagBag","filename":"dagbag.py","lineno":469}
{"timestamp":"2026-05-06T12:17:57.484764Z","level":"info","event":"Filling up the DagBag from /opt/airflow/dags/loan_pipeline.py","logger":"airflow.dag_processing.dagbag.BundleDagBag","filename":"dagbag.py","lineno":469}
{"timestamp":"2026-05-06T12:18:32.686769Z","level":"info","event":"Filling up the DagBag from /opt/airflow/dags/loan_pipeline.py","logger":"airflow.dag_processing.dagbag.BundleDagBag","filename":"dagbag.py","lineno":469}
{"timestamp":"2026-05-06T12:19:07.254533Z","level":"info","event":"Filling up the DagBag from /opt/airflow/dags/loan_pipeline.py","logger":"airflow.dag_processing.dagbag.BundleDagBag","filename":"dagbag.py","lineno":469}
{"timestamp":"2026-05-06T12:19:39.726437Z","level":"info","event":"Filling up the DagBag from /opt/airflow/dags/loan_pipeline.py","logger":"airflow.dag_processing.dagbag.BundleDagBag","filename":"dagbag.py","lineno":469}
{"timestamp":"2026-05-06T12:20:12.234982Z","level":"info","event":"Filling up the DagBag from /opt/airflow/dags/loan_pipeline.py","logger":"airflow.dag_processing.dagbag.BundleDagBag","filename":"dagbag.py","lineno":469}
{"timestamp":"2026-05-06T12:20:44.625884Z","level":"info","event":"Filling up the DagBag from /opt/airflow/dags/loan_pipeline.py","logger":"airflow.dag_processing.dagbag.BundleDagBag","filename":"dagbag.py","lineno":469}
{"timestamp":"2026-05-06T12:21:19.874317Z","level":"info","event":"Filling up the DagBag from /opt/airflow/dags/loan_pipeline.py","logger":"airflow.dag_processing.dagbag.BundleDagBag","filename":"dagbag.py","lineno":469}
{"timestamp":"2026-05-06T12:21:56.446288Z","level":"info","event":"Filling up the DagBag from /opt/airflow/dags/loan_pipeline.py","logger":"airflow.dag_processing.dagbag.BundleDagBag","filename":"dagbag.py","lineno":469}
{"timestamp":"2026-05-06T12:22:37.419669Z","level":"info","event":"Filling up the DagBag from /opt/airflow/dags/loan_pipeline.py","logger":"airflow.dag_processing.dagbag.BundleDagBag","filename":"dagbag.py","lineno":469}
{"timestamp":"2026-05-06T12:23:17.987060Z","level":"info","event":"Filling up the DagBag from /opt/airflow/dags/loan_pipeline.py","logger":"airflow.dag_processing.dagbag.BundleDagBag","filename":"dagbag.py","lineno":469}
{"timestamp":"2026-05-06T12:23:55.156097Z","level":"info","event":"Filling up the DagBag from /opt/airflow/dags/loan_pipeline.py","logger":"airflow.dag_processing.dagbag.BundleDagBag","filename":"dagbag.py","lineno":469}
{"timestamp":"2026-05-06T12:24:30.239557Z","level":"info","event":"Filling up the DagBag from /opt/airflow/dags/loan_pipeline.py","logger":"airflow.dag_processing.dagbag.BundleDagBag","filename":"dagbag.py","lineno":469}
{"timestamp":"2026-05-06T12:25:05.435871Z","level":"info","event":"Filling up the DagBag from /opt/airflow/dags/loan_pipeline.py","logger":"airflow.dag_processing.dagbag.BundleDagBag","filename":"dagbag.py","lineno":469}
{"timestamp":"2026-05-06T12:25:39.976093Z","level":"info","event":"Filling up the DagBag from /opt/airflow/dags/loan_pipeline.py","logger":"airflow.dag_processing.dagbag.BundleDagBag","filename":"dagbag.py","lineno":469}
{"timestamp":"2026-05-06T12:26:17.488265Z","level":"info","event":"Filling up the DagBag from /opt/airflow/dags/loan_pipeline.py","logger":"airflow.dag_processing.dagbag.BundleDagBag","filename":"dagbag.py","lineno":469}
{"timestamp":"2026-05-06T12:26:49.644706Z","level":"info","event":"Filling up the DagBag from /opt/airflow/dags/loan_pipeline.py","logger":"airflow.dag_processing.dagbag.BundleDagBag","filename":"dagbag.py","lineno":469}
{"timestamp":"2026-05-06T12:27:25.901977Z","level":"info","event":"Filling up the DagBag from /opt/airflow/dags/loan_pipeline.py","logger":"airflow.dag_processing.dagbag.BundleDagBag","filename":"dagbag.py","lineno":469}
{"timestamp":"2026-05-06T12:28:00.862565Z","level":"info","event":"Filling up the DagBag from /opt/airflow/dags/loan_pipeline.py","logger":"airflow.dag_processing.dagbag.BundleDagBag","filename":"dagbag.py","lineno":469}
{"timestamp":"2026-05-06T12:28:36.335826Z","level":"info","event":"Filling up the DagBag from /opt/airflow/dags/loan_pipeline.py","logger":"airflow.dag_processing.dagbag.BundleDagBag","filename":"dagbag.py","lineno":469}
{"timestamp":"2026-05-06T12:29:10.805329Z","level":"info","event":"Filling up the DagBag from /opt/airflow/dags/loan_pipeline.py","logger":"airflow.dag_processing.dagbag.BundleDagBag","filename":"dagbag.py","lineno":469}
{"timestamp":"2026-05-06T12:29:47.891539Z","level":"info","event":"Filling up the DagBag from /opt/airflow/dags/loan_pipeline.py","logger":"airflow.dag_processing.dagbag.BundleDagBag","filename":"dagbag.py","lineno":469}
{"timestamp":"2026-05-06T12:30:25.104434Z","level":"info","event":"Filling up the DagBag from /opt/airflow/dags/loan_pipeline.py","logger":"airflow.dag_processing.dagbag.BundleDagBag","filename":"dagbag.py","lineno":469}
{"timestamp":"2026-05-06T12:30:59.819708Z","level":"info","event":"Filling up the DagBag from /opt/airflow/dags/loan_pipeline.py","logger":"airflow.dag_processing.dagbag.BundleDagBag","filename":"dagbag.py","lineno":469}
{"timestamp":"2026-05-06T12:31:35.032212Z","level":"info","event":"Filling up the DagBag from /opt/airflow/dags/loan_pipeline.py","logger":"airflow.dag_processing.dagbag.BundleDagBag","filename":"dagbag.py","lineno":469}
{"timestamp":"2026-05-06T12:32:11.475577Z","level":"info","event":"Filling up the DagBag from /opt/airflow/dags/loan_pipeline.py","logger":"airflow.dag_processing.dagbag.BundleDagBag","filename":"dagbag.py","lineno":469}
{"timestamp":"2026-05-06T12:32:46.989387Z","level":"info","event":"Filling up the DagBag from /opt/airflow/dags/loan_pipeline.py","logger":"airflow.dag_processing.dagbag.BundleDagBag","filename":"dagbag.py","lineno":469}
{"timestamp":"2026-05-06T12:33:21.532099Z","level":"info","event":"Filling up the DagBag from /opt/airflow/dags/loan_pipeline.py","logger":"airflow.dag_processing.dagbag.BundleDagBag","filename":"dagbag.py","lineno":469}
{"timestamp":"2026-05-06T12:33:54.785880Z","level":"info","event":"Filling up the DagBag from /opt/airflow/dags/loan_pipeline.py","logger":"airflow.dag_processing.dagbag.BundleDagBag","filename":"dagbag.py","lineno":469}
{"timestamp":"2026-05-06T12:34:30.369980Z","level":"info","event":"Filling up the DagBag from /opt/airflow/dags/loan_pipeline.py","logger":"airflow.dag_processing.dagbag.BundleDagBag","filename":"dagbag.py","lineno":469}
{"timestamp":"2026-05-06T12:35:09.208816Z","level":"info","event":"Filling up the DagBag from /opt/airflow/dags/loan_pipeline.py","logger":"airflow.dag_processing.dagbag.BundleDagBag","filename":"dagbag.py","lineno":469}
